[2026-03-10T09:28:03.684Z] Analyzing profile for: Ashwinjauhary
[2026-03-10T09:28:03.686Z] Session User ID: cmmkcib1h0000qnyk6rgmqfns
[2026-03-10T09:28:03.689Z] Using GitHub token from: session (exists: true)
[2026-03-10T09:37:54.243Z] Analyzing profile for: Ashwinjauhary
[2026-03-10T09:37:54.244Z] Session User ID: cmmkcib1h0000qnyk6rgmqfns
[2026-03-10T09:37:54.246Z] Using GitHub token from: session (exists: true)
[2026-03-10T10:35:36.879Z] Analyzing profile for: ajverze
[2026-03-10T10:35:36.881Z] Session User ID: cmmkeprbi0006pfknijcfw37x
[2026-03-10T10:35:36.882Z] Using GitHub token from: session (exists: true)
[2026-03-10T10:49:15.841Z] Analyzing profile for: Ashwinjauhary
[2026-03-10T10:49:15.850Z] Session User ID: cmmkeprbi0006pfknijcfw37x
[2026-03-10T10:49:15.853Z] Using GitHub token from: session (exists: true)
[2026-03-10T10:53:51.372Z] Analyzing profile for: arpit0381
[2026-03-10T10:53:51.375Z] Session User ID: cmmkeprbi0006pfknijcfw37x
[2026-03-10T10:53:51.377Z] Using GitHub token from: session (exists: true)
[2026-03-10T17:24:46.415Z] Analyzing profile for: atharva-dev1
[2026-03-10T17:24:46.416Z] Session User ID: cmmkcib1h0000qnyk6rgmqfns
[2026-03-10T17:24:46.417Z] Using GitHub token from: session (exists: true)
[2026-03-10T17:29:37.088Z] Analyzing profile for: atharva-dev1
[2026-03-10T17:29:37.090Z] Session User ID: cmmkcib1h0000qnyk6rgmqfns
[2026-03-10T17:29:37.092Z] Using GitHub token from: session (exists: true)
[2026-03-10T17:31:22.423Z] Analyzing profile for: atharva-dev1
[2026-03-10T17:31:22.424Z] Session User ID: cmmkcib1h0000qnyk6rgmqfns
[2026-03-10T17:31:22.426Z] Using GitHub token from: session (exists: true)
[2026-03-10T17:36:46.091Z] Analyzing profile for: atharva-dev1
[2026-03-10T17:36:46.093Z] Session User ID: cmmkcib1h0000qnyk6rgmqfns
[2026-03-10T17:36:46.094Z] Using GitHub token from: session (exists: true)
[2026-03-10T17:40:10.331Z] Analyzing profile for: atharva-dev1
[2026-03-10T17:40:10.331Z] Session User ID: cmmkcib1h0000qnyk6rgmqfns
[2026-03-10T17:40:10.332Z] Using GitHub token from: session (exists: true)
[2026-03-10T17:43:12.598Z] Analyzing profile for: atharva-dev1
[2026-03-10T17:43:12.600Z] Session User ID: cmmkcib1h0000qnyk6rgmqfns
[2026-03-10T17:43:12.601Z] Using GitHub token from: session (exists: true)
[2026-03-10T17:47:34.428Z] Analyzing profile for: AshwinJauhary
[2026-03-10T17:47:34.429Z] Session User ID: cmmkcib1h0000qnyk6rgmqfns
[2026-03-10T17:47:34.431Z] Using GitHub token from: session (exists: true)
[2026-03-10T17:48:55.394Z] Analyzing profile for: Ashwinjauhary
[2026-03-10T17:48:55.395Z] Session User ID: cmmkcib1h0000qnyk6rgmqfns
[2026-03-10T17:48:55.395Z] Using GitHub token from: session (exists: true)
[2026-03-10T17:49:23.947Z] Analyzing profile for: Ashwinjauhary
[2026-03-10T17:49:23.949Z] Session User ID: cmmkcib1h0000qnyk6rgmqfns
[2026-03-10T17:49:23.950Z] Using GitHub token from: session (exists: true)
[2026-03-10T17:49:49.294Z] Analyzing profile for: Ashwinjauhary
[2026-03-10T17:49:49.296Z] Session User ID: cmmkcib1h0000qnyk6rgmqfns
[2026-03-10T17:49:49.296Z] Using GitHub token from: session (exists: true)
[2026-03-10T17:52:06.335Z] Analyzing profile for: Ashwinjauhary
[2026-03-10T17:52:06.337Z] Session User ID: cmmkcib1h0000qnyk6rgmqfns
[2026-03-10T17:52:06.338Z] Using GitHub token from: session (exists: true)
[2026-03-10T18:08:32.525Z] Analyzing profile for: Ashwinjauhary
[2026-03-10T18:08:32.527Z] Session User ID: cmmkcib1h0000qnyk6rgmqfns
[2026-03-10T18:08:32.528Z] Using GitHub token from: session (exists: true)
[2026-03-10T18:23:35.529Z] Analyzing profile for: Ashwinjauhary
[2026-03-10T18:23:35.531Z] Session User ID: cmmkcib1h0000qnyk6rgmqfns
[2026-03-10T18:23:35.533Z] Using GitHub token from: session (exists: true)
[2026-03-10T18:28:45.316Z] Analyzing profile for: Ashwinjauhary
[2026-03-10T18:28:45.319Z] Session User ID: cmmkcib1h0000qnyk6rgmqfns
[2026-03-10T18:28:45.319Z] Using GitHub token from: session (exists: true)
[2026-03-10T18:41:23.221Z] Analyzing profile for: Ashwinjauhary
[2026-03-10T18:41:23.225Z] Session User ID: cmmkcib1h0000qnyk6rgmqfns
[2026-03-10T18:41:23.226Z] Using GitHub token from: session (exists: true)
[2026-03-10T18:49:55.664Z] Analyzing profile for: Catalystcrewcreators1
[2026-03-10T18:49:55.668Z] Session User ID: cmmkcib1h0000qnyk6rgmqfns
[2026-03-10T18:49:55.672Z] Using GitHub token from: session (exists: true)
[2026-03-10T18:53:20.338Z] Analyzing profile for: Catalystcrewcreators1
[2026-03-10T18:53:20.340Z] Session User ID: cmmkcib1h0000qnyk6rgmqfns
[2026-03-10T18:53:20.342Z] Using GitHub token from: session (exists: true)
[2026-03-10T18:53:34.071Z] Analyzing profile for: Catalystcrewcreators1
[2026-03-10T18:53:34.074Z] Session User ID: cmmkcib1h0000qnyk6rgmqfns
[2026-03-10T18:53:34.076Z] Using GitHub token from: session (exists: true)
[2026-03-12T07:04:14.856Z] Analyzing profile for: Ashwinjauhary
[2026-03-12T07:04:14.858Z] Session User ID: cmmkeprbi0006pfknijcfw37x
[2026-03-12T07:04:14.859Z] Using GitHub token from: session (exists: true)
[2026-03-12T07:05:27.631Z] Analyzing profile for: Ashwinjauhary
[2026-03-12T07:05:27.632Z] Session User ID: cmmkcib1h0000qnyk6rgmqfns
[2026-03-12T07:05:27.633Z] Using GitHub token from: session (exists: true)
[2026-03-12T08:13:21.073Z] Analyzing profile for: Ashwinjauhary
[2026-03-12T08:13:21.082Z] Session User ID: cmmkcib1h0000qnyk6rgmqfns
[2026-03-12T08:13:21.084Z] Using GitHub token from: session (exists: true)
[2026-03-12T08:15:43.914Z] Analyzing profile for: Ashwinjauhary
[2026-03-12T08:15:43.915Z] Session User ID: cmmkcib1h0000qnyk6rgmqfns
[2026-03-12T08:15:43.916Z] Using GitHub token from: session (exists: true)
[2026-03-12T08:20:11.419Z] Analyzing profile for: Ashwinjauhary
[2026-03-12T08:20:11.421Z] Session User ID: cmmkcib1h0000qnyk6rgmqfns
[2026-03-12T08:20:11.422Z] Using GitHub token from: session (exists: true)
[2026-03-12T08:21:33.663Z] Analyzing profile for: Ashwinjauhary
[2026-03-12T08:21:33.665Z] Session User ID: cmmkcib1h0000qnyk6rgmqfns
[2026-03-12T08:21:33.667Z] Using GitHub token from: session (exists: true)
[2026-03-12T09:36:09.333Z] Analyzing profile for: Ashwinjauhary
[2026-03-12T09:36:09.337Z] Session User ID: cmmkcib1h0000qnyk6rgmqfns
[2026-03-12T09:36:09.339Z] Using GitHub token from: session (exists: true)
[2026-03-12T09:43:52.708Z] Analyzing profile for: Ashwinjauhary
[2026-03-12T09:43:52.710Z] Session User ID: cmmkcib1h0000qnyk6rgmqfns
[2026-03-12T09:43:52.711Z] Using GitHub token from: session (exists: true)
[2026-03-12T18:19:35.058Z] Analyzing profile for: thakur2309
[2026-03-12T18:19:35.063Z] Session User ID: cmmkcib1h0000qnyk6rgmqfns
[2026-03-12T18:19:35.065Z] Using GitHub token from: session (exists: true)
[2026-03-12T18:41:07.719Z] Analyzing profile for: thakur2309
[2026-03-12T18:41:07.721Z] Session User ID: cmmkcib1h0000qnyk6rgmqfns
[2026-03-12T18:41:07.722Z] Using GitHub token from: session (exists: true)
[2026-03-12T18:43:56.629Z] Analyzing profile for: thakur2309
[2026-03-12T18:43:56.631Z] Session User ID: cmmkcib1h0000qnyk6rgmqfns
[2026-03-12T18:43:56.632Z] Using GitHub token from: session (exists: true)
[2026-03-12T18:49:25.808Z] Analyzing profile for: thakur2309
[2026-03-12T18:49:25.810Z] Session User ID: cmmkcib1h0000qnyk6rgmqfns
[2026-03-12T18:49:25.811Z] Using GitHub token from: session (exists: true)
[2026-03-12T18:52:38.992Z] Analyzing profile for: thakur2309
[2026-03-12T18:52:38.993Z] Session User ID: cmmkcib1h0000qnyk6rgmqfns
[2026-03-12T18:52:38.995Z] Using GitHub token from: session (exists: true)
[2026-03-12T19:09:06.045Z] Analyzing profile for: Aviral-Mishra18
[2026-03-12T19:09:06.047Z] Session User ID: cmmkcib1h0000qnyk6rgmqfns
[2026-03-12T19:09:06.048Z] Using GitHub token from: session (exists: true)
[2026-03-13T11:33:59.398Z] Analyzing profile for: Ashwinjauhary
[2026-03-13T11:33:59.400Z] Session User ID: cmmkcib1h0000qnyk6rgmqfns
[2026-03-13T11:33:59.400Z] Using GitHub token from: session (exists: true)
[2026-03-13T11:45:25.165Z] Analyzing profile for: Ashwinjauhary
[2026-03-13T11:45:25.167Z] Session User ID: cmmkcib1h0000qnyk6rgmqfns
[2026-03-13T11:45:25.168Z] Using GitHub token from: session (exists: true)
[2026-03-13T11:49:14.384Z] Analyzing profile for: Ashwinjauhary
[2026-03-13T11:49:14.386Z] Session User ID: cmmkcib1h0000qnyk6rgmqfns
[2026-03-13T11:49:14.389Z] Using GitHub token from: session (exists: true)
[2026-03-13T11:57:06.160Z] Analyzing profile for: arpit0381
[2026-03-13T11:57:06.162Z] Session User ID: cmmkcib1h0000qnyk6rgmqfns
[2026-03-13T11:57:06.166Z] Using GitHub token from: session (exists: true)
[2026-03-13T11:58:26.051Z] Analyzing profile for: arpit0381
[2026-03-13T11:58:26.052Z] Session User ID: cmmkcib1h0000qnyk6rgmqfns
[2026-03-13T11:58:26.053Z] Using GitHub token from: session (exists: true)
[2026-03-13T12:32:22.114Z] Analyzing profile for: Ashwinjauhary
[2026-03-13T12:32:22.116Z] Session User ID: cmmkcib1h0000qnyk6rgmqfns
[2026-03-13T12:32:22.117Z] Using GitHub token from: session (exists: true)
[2026-03-13T12:32:38.592Z] Analyzing profile for: Ashwinjauhary
[2026-03-13T12:32:38.593Z] Session User ID: cmmkcib1h0000qnyk6rgmqfns
[2026-03-13T12:32:38.595Z] Using GitHub token from: session (exists: true)
[2026-03-13T12:43:24.396Z] Analyzing profile for: arpit0381
[2026-03-13T12:43:24.397Z] Session User ID: cmmkcib1h0000qnyk6rgmqfns
[2026-03-13T12:43:24.398Z] Using GitHub token from: session (exists: true)
[2026-03-13T13:30:30.941Z] Analyzing profile for: Ashwinjauhary
[2026-03-13T13:30:30.943Z] Session User ID: cmmkcib1h0000qnyk6rgmqfns
[2026-03-13T13:30:30.944Z] Using GitHub token from: session (exists: true)
[2026-03-14T07:33:34.770Z] Analyzing profile for: Ashwinjauhary
[2026-03-14T07:33:34.780Z] Session User ID: cmmpzfiti0000b9vpe0pmbp0d
[2026-03-14T07:33:34.785Z] Using GitHub token from: session (exists: true)
[2026-03-14T08:23:26.156Z] Analyzing profile for: Ashwinjauhary
[2026-03-14T08:23:26.160Z] Session User ID: cmmpzfiti0000b9vpe0pmbp0d
[2026-03-14T08:23:26.161Z] Using GitHub token from: session (exists: true)
[2026-03-14T09:55:25.867Z] Analyzing profile for: atharva-dev1
[2026-03-14T09:55:25.868Z] Session User ID: cmmpzfiti0000b9vpe0pmbp0d
[2026-03-14T09:55:25.869Z] Using GitHub token from: session (exists: true)
[2026-03-14T10:12:54.846Z] Analyzing profile for: atharva-dev1
[2026-03-14T10:12:54.848Z] Session User ID: cmmpzfiti0000b9vpe0pmbp0d
[2026-03-14T10:12:54.848Z] Using GitHub token from: session (exists: true)
[2026-03-14T10:16:30.626Z] Analyzing profile for: atharva-dev1
[2026-03-14T10:16:30.628Z] Session User ID: cmmpzfiti0000b9vpe0pmbp0d
[2026-03-14T10:16:30.630Z] Using GitHub token from: session (exists: true)
[2026-03-14T10:20:09.109Z] Analyzing profile for: Ashwinjauhary
[2026-03-14T10:20:09.111Z] Session User ID: cmmpzfiti0000b9vpe0pmbp0d
[2026-03-14T10:20:09.112Z] Using GitHub token from: session (exists: true)
[2026-03-14T10:20:46.205Z] Analyzing profile for: Ashwinjauhary
[2026-03-14T10:20:46.206Z] Session User ID: cmmpzfiti0000b9vpe0pmbp0d
[2026-03-14T10:20:46.208Z] Using GitHub token from: session (exists: true)
[2026-03-14T10:28:34.810Z] Analyzing profile for: Ashwinjauhary
[2026-03-14T10:28:34.811Z] Session User ID: cmmpzfiti0000b9vpe0pmbp0d
[2026-03-14T10:28:34.812Z] Using GitHub token from: session (exists: true)
[2026-03-14T13:30:46.489Z] Analyzing profile for: ajverze
[2026-03-14T13:30:46.492Z] Session User ID: cmmpzfiti0000b9vpe0pmbp0d
[2026-03-14T13:30:46.493Z] Using GitHub token from: session (exists: true)
[2026-03-14T20:26:39.547Z] Analyzing profile for: Arpit0381
[2026-03-14T20:26:39.550Z] Session User ID: cmmqr8oi20003x8a3604kadyq
[2026-03-14T20:26:39.552Z] Using GitHub token from: session (exists: true)
[2026-03-15T11:29:16.573Z] Analyzing profile for: Ashwinjauhary
[2026-03-15T11:29:16.589Z] Session User ID: cmmpzfiti0000b9vpe0pmbp0d
[2026-03-15T11:29:16.591Z] Using GitHub token from: session (exists: true)
[2026-03-15T11:31:28.061Z] Analyzing profile for: Ashwinjauhary
[2026-03-15T11:31:28.063Z] Session User ID: cmmpzfiti0000b9vpe0pmbp0d
[2026-03-15T11:31:28.065Z] Using GitHub token from: session (exists: true)
[2026-03-15T11:33:08.714Z] Analyzing profile for: Ashwinjauhary
[2026-03-15T11:33:08.717Z] Session User ID: cmmpzfiti0000b9vpe0pmbp0d
[2026-03-15T11:33:08.719Z] Using GitHub token from: session (exists: true)
[2026-03-15T11:50:53.592Z] Analyzing profile for: atharva-dev1
[2026-03-15T11:50:53.596Z] Session User ID: cmmpzfiti0000b9vpe0pmbp0d
[2026-03-15T11:50:53.598Z] Using GitHub token from: session (exists: true)
[2026-03-15T11:51:25.329Z] Analyzing profile for: Ashwinjauhary
[2026-03-15T11:51:25.330Z] Session User ID: cmmpzfiti0000b9vpe0pmbp0d
[2026-03-15T11:51:25.333Z] Using GitHub token from: session (exists: true)
